<?xml version="1.0" encoding="UTF-8"?>
<!-- Generated by org.testng.reporters.JUnitReportReporter -->
<testsuite hostname="DESKTOP-85BH29A" failures="0" tests="4" name="TestngKeyword.PriorityStudy" time="0.054" errors="0" timestamp="2022-07-31T20:01:26 IST" skipped="0">
  <testcase classname="TestngKeyword.PriorityStudy" name="a" time="0.027"/>
  <system-out>
    <![CDATA[a method is running]]>
  </system-out>
  <testcase classname="TestngKeyword.PriorityStudy" name="c" time="0.003"/>
  <system-out>
    <![CDATA[c method is running]]>
  </system-out>
  <testcase classname="TestngKeyword.PriorityStudy" name="d" time="0.003"/>
  <system-out>
    <![CDATA[d method is running]]>
  </system-out>
  <testcase classname="TestngKeyword.PriorityStudy" name="b" time="0.021"/>
  <system-out>
    <![CDATA[b method is running]]>
  </system-out>
</testsuite> <!-- TestngKeyword.PriorityStudy -->
