<?xml version="1.0" encoding="UTF-8"?>
<!-- Generated by org.testng.reporters.JUnitReportReporter -->
<testsuite hostname="DESKTOP-85BH29A" failures="0" tests="1" name="TestngFirefox.FirefoxStdy" time="10.589" errors="0" timestamp="2022-08-05T15:13:12 IST" skipped="0">
  <testcase classname="TestngFirefox.FirefoxStdy" name="f" time="10.589"/>
  <system-out/>
</testsuite> <!-- TestngFirefox.FirefoxStdy -->
