<?xml version="1.0" encoding="UTF-8"?>
<!-- Generated by org.testng.reporters.JUnitReportReporter -->
<testsuite hostname="DESKTOP-85BH29A" failures="0" tests="3" name="TestngKeyword.EnableStdy" time="0.019" errors="0" timestamp="2022-07-31T20:01:26 IST" skipped="1">
  <testcase classname="TestngKeyword.EnableStdy" name="myMethod" time="0.006"/>
  <system-out>
    <![CDATA[My Method]]>
  </system-out>
  <testcase classname="TestngKeyword.EnableStdy" name="a" time="0.013"/>
  <system-out>
    <![CDATA[a method]]>
  </system-out>
  <testcase classname="TestngKeyword.EnableStdy" name="b">
    <skipped/>
  </testcase> <!-- b -->
  <system-out/>
</testsuite> <!-- TestngKeyword.EnableStdy -->
