<?xml version="1.0" encoding="UTF-8"?>
<!-- Generated by org.testng.reporters.JUnitReportReporter -->
<testsuite hostname="DESKTOP-85BH29A" failures="0" tests="1" name="TestngAnnotations.AnnotationStdy" time="0.010" errors="0" timestamp="2022-07-25T20:37:39 IST" skipped="0">
  <testcase classname="TestngAnnotations.AnnotationStdy" name="myMethod" time="0.010"/>
  <system-out>
    <![CDATA[This is myMethod]]>
  </system-out>
</testsuite> <!-- TestngAnnotations.AnnotationStdy -->
