<?xml version="1.0" encoding="UTF-8"?>
<!-- Generated by org.testng.reporters.JUnitReportReporter -->
<testsuite hostname="DESKTOP-85BH29A" failures="0" tests="3" name="TestngKeyword.DependOnMethodStdy" time="0.076" errors="0" timestamp="2022-07-31T20:01:26 IST" skipped="0">
  <testcase classname="TestngKeyword.DependOnMethodStdy" name="a" time="0.003"/>
  <system-out>
    <![CDATA[A method is running]]>
  </system-out>
  <testcase classname="TestngKeyword.DependOnMethodStdy" name="c" time="0.002"/>
  <system-out>
    <![CDATA[C method is running]]>
  </system-out>
  <testcase classname="TestngKeyword.DependOnMethodStdy" name="b" time="0.071"/>
  <system-out>
    <![CDATA[B method is running]]>
  </system-out>
</testsuite> <!-- TestngKeyword.DependOnMethodStdy -->
