<?xml version="1.0" encoding="UTF-8"?>
<!-- Generated by org.testng.reporters.JUnitReportReporter -->
<testsuite hostname="DESKTOP-85BH29A" failures="0" tests="2" name="TestNGXLMStudys.TestNGGroupsStdys" time="0.003" errors="0" timestamp="2022-07-25T22:39:59 IST" skipped="0">
  <testcase classname="TestNGXLMStudys.TestNGGroupsStdys" name="b" time="0.002"/>
  <system-out>
    <![CDATA[b is running]]>
  </system-out>
  <testcase classname="TestNGXLMStudys.TestNGGroupsStdys" name="c" time="0.001"/>
  <system-out>
    <![CDATA[c is running]]>
  </system-out>
</testsuite> <!-- TestNGXLMStudys.TestNGGroupsStdys -->
