<?xml version="1.0" encoding="UTF-8"?>
<!-- Generated by org.testng.reporters.JUnitReportReporter -->
<testsuite hostname="DESKTOP-85BH29A" failures="0" tests="2" name="TestNGXLMStudys.TestNGGroupStdys2" time="0.015" errors="0" timestamp="2022-07-25T22:39:59 IST" skipped="0">
  <testcase classname="TestNGXLMStudys.TestNGGroupStdys2" name="e" time="0.013"/>
  <system-out>
    <![CDATA[b is running]]>
  </system-out>
  <testcase classname="TestNGXLMStudys.TestNGGroupStdys2" name="f" time="0.002"/>
  <system-out>
    <![CDATA[c is running]]>
  </system-out>
</testsuite> <!-- TestNGXLMStudys.TestNGGroupStdys2 -->
