<?xml version="1.0" encoding="UTF-8"?>
<!-- Generated by org.testng.reporters.JUnitReportReporter -->
<testsuite hostname="DESKTOP-85BH29A" failures="0" tests="2" name="TestngFirefox.TestngCrossBrosing" time="20.589" errors="0" timestamp="2022-07-30T10:22:05 IST" skipped="0">
  <testcase classname="TestngFirefox.TestngCrossBrosing" name="myMethod" time="12.531"/>
  <system-out/>
  <testcase classname="TestngFirefox.TestngCrossBrosing" name="myMethod" time="8.058"/>
  <system-out/>
</testsuite> <!-- TestngFirefox.TestngCrossBrosing -->
