<?xml version="1.0" encoding="UTF-8"?>
<!-- Generated by org.testng.reporters.JUnitReportReporter -->
<testsuite hostname="DESKTOP-85BH29A" failures="0" tests="1" name="TestngRunMultipleClasses.LaunchingFacebook" time="8.515" errors="0" timestamp="2022-08-14T09:38:01 IST" skipped="0">
  <testcase classname="TestngRunMultipleClasses.LaunchingFacebook" name="LaunchFB" time="8.515"/>
  <system-out/>
</testsuite> <!-- TestngRunMultipleClasses.LaunchingFacebook -->
