<?xml version="1.0" encoding="UTF-8"?>
<!-- Generated by org.testng.reporters.JUnitReportReporter -->
<testsuite hostname="DESKTOP-85BH29A" failures="0" tests="1" name="TestngValiadatUI.ValidateKiteUserID" time="4.489" errors="0" timestamp="2022-07-30T13:17:52 IST" skipped="0">
  <testcase classname="TestngValiadatUI.ValidateKiteUserID" name="validateUID" time="4.489"/>
  <system-out>
    <![CDATA[Validate Actual and expected, Tc is Pass]]>
  </system-out>
</testsuite> <!-- TestngValiadatUI.ValidateKiteUserID -->
