<?xml version="1.0" encoding="UTF-8"?>
<!-- Generated by org.testng.reporters.JUnitReportReporter -->
<testsuite hostname="DESKTOP-85BH29A" failures="0" tests="1" name="TestngXMLStdy.TestngGroup2" time="0.016" errors="0" timestamp="2022-08-01T18:10:17 IST" skipped="0">
  <testcase classname="TestngXMLStdy.TestngGroup2" name="g" time="0.016"/>
  <system-out>
    <![CDATA[g is running]]>
  </system-out>
</testsuite> <!-- TestngXMLStdy.TestngGroup2 -->
