<?xml version="1.0" encoding="UTF-8"?>
<!-- Generated by org.testng.reporters.JUnitReportReporter -->
<testsuite hostname="DESKTOP-85BH29A" failures="0" tests="1" name="TestngRunMultipleClasses.LauchingKite" time="6.074" errors="0" timestamp="2022-07-27T12:23:30 IST" skipped="0">
  <testcase classname="TestngRunMultipleClasses.LauchingKite" name="LauchKite" time="6.074"/>
  <system-out/>
</testsuite> <!-- TestngRunMultipleClasses.LauchingKite -->
