<?xml version="1.0" encoding="UTF-8"?>
<!-- Generated by org.testng.reporters.JUnitReportReporter -->
<testsuite hostname="DESKTOP-85BH29A" failures="0" tests="5" name="TestngKeyword.InnvocationCountstdy" time="0.025" errors="0" timestamp="2022-07-31T20:02:52 IST" skipped="0">
  <testcase classname="TestngKeyword.InnvocationCountstdy" name="myMethod" time="0.003"/>
  <system-out>
    <![CDATA[This is myMethod]]>
  </system-out>
  <testcase classname="TestngKeyword.InnvocationCountstdy" name="myMethod" time="0.002"/>
  <system-out>
    <![CDATA[This is myMethod]]>
  </system-out>
  <testcase classname="TestngKeyword.InnvocationCountstdy" name="c" time="0.013"/>
  <system-out/>
  <testcase classname="TestngKeyword.InnvocationCountstdy" name="myMethod" time="0.002"/>
  <system-out>
    <![CDATA[This is myMethod]]>
  </system-out>
  <testcase classname="TestngKeyword.InnvocationCountstdy" name="myMethod" time="0.005"/>
  <system-out>
    <![CDATA[This is myMethod]]>
  </system-out>
</testsuite> <!-- TestngKeyword.InnvocationCountstdy -->
