<?xml version="1.0" encoding="UTF-8"?>
<!-- Generated by org.testng.reporters.JUnitReportReporter -->
<testsuite hostname="DESKTOP-85BH29A" failures="0" tests="4" name="TestngKeyWords.MultikeywordsStdy" time="0.035" errors="0" timestamp="2022-08-05T15:12:44 IST" skipped="0">
  <testcase classname="TestngKeyWords.MultikeywordsStdy" name="c" time="0.015"/>
  <system-out>
    <![CDATA[C is running]]>
  </system-out>
  <testcase classname="TestngKeyWords.MultikeywordsStdy" name="b" time="0.015"/>
  <system-out>
    <![CDATA[B is running]]>
  </system-out>
  <testcase classname="TestngKeyWords.MultikeywordsStdy" name="a" time="0.003"/>
  <system-out>
    <![CDATA[A is running]]>
  </system-out>
  <testcase classname="TestngKeyWords.MultikeywordsStdy" name="a" time="0.002"/>
  <system-out>
    <![CDATA[A is running]]>
  </system-out>
</testsuite> <!-- TestngKeyWords.MultikeywordsStdy -->
