<?xml version="1.0" encoding="UTF-8"?>
<!-- Generated by org.testng.reporters.JUnitReportReporter -->
<testsuite hostname="DESKTOP-85BH29A" failures="0" tests="2" name="TestngAnnotations.AnnotationStudy" time="0.023" errors="0" timestamp="2022-07-22T21:38:14 IST" skipped="0">
  <testcase classname="TestngAnnotations.AnnotationStudy" name="myMethod" time="0.014"/>
  <system-out>
    <![CDATA[This is myMethod]]>
  </system-out>
  <testcase classname="TestngAnnotations.AnnotationStudy" name="MyTest" time="0.009"/>
  <system-out>
    <![CDATA[My test method]]>
  </system-out>
</testsuite> <!-- TestngAnnotations.AnnotationStudy -->
