<?xml version="1.0" encoding="UTF-8"?>
<!-- Generated by org.testng.reporters.JUnitReportReporter -->
<testsuite hostname="DESKTOP-85BH29A" failures="0" tests="3" name="TestngAssertStudy.AssertsPractice" time="0.020" errors="0" timestamp="2022-08-01T12:04:53 IST" skipped="0">
  <testcase classname="TestngAssertStudy.AssertsPractice" name="myMethod1" time="0.003"/>
  <system-out/>
  <testcase classname="TestngAssertStudy.AssertsPractice" name="myMethod" time="0.002"/>
  <system-out/>
  <testcase classname="TestngAssertStudy.AssertsPractice" name="method" time="0.015"/>
  <system-out/>
</testsuite> <!-- TestngAssertStudy.AssertsPractice -->
