<?xml version="1.0" encoding="UTF-8"?>
<!-- Generated by org.testng.reporters.JUnitReportReporter -->
<testsuite hostname="DESKTOP-85BH29A" failures="0" tests="4" name="TestngAnnotations.InnvocationCountStudy" time="0.043" errors="0" timestamp="2022-07-22T22:37:45 IST" skipped="0">
  <testcase classname="TestngAnnotations.InnvocationCountStudy" name="myMethod" time="0.003"/>
  <system-out>
    <![CDATA[This is myMethod]]>
  </system-out>
  <testcase classname="TestngAnnotations.InnvocationCountStudy" name="myMethod" time="0.006"/>
  <system-out>
    <![CDATA[This is myMethod]]>
  </system-out>
  <testcase classname="TestngAnnotations.InnvocationCountStudy" name="myMethod" time="0.002"/>
  <system-out>
    <![CDATA[This is myMethod]]>
  </system-out>
  <testcase classname="TestngAnnotations.InnvocationCountStudy" name="myMethod" time="0.032"/>
  <system-out>
    <![CDATA[This is myMethod]]>
  </system-out>
</testsuite> <!-- TestngAnnotations.InnvocationCountStudy -->
