<?xml version="1.0" encoding="UTF-8"?>
<!-- Generated by org.testng.reporters.JUnitReportReporter -->
<testsuite hostname="DESKTOP-85BH29A" failures="0" tests="3" name="TestngXMLStdy.HandleMethods" time="0.025" errors="0" timestamp="2022-07-25T20:54:11 IST" skipped="0">
  <testcase classname="TestngXMLStdy.HandleMethods" name="a" time="0.019"/>
  <system-out>
    <![CDATA[a is running]]>
  </system-out>
  <testcase classname="TestngXMLStdy.HandleMethods" name="d" time="0.004"/>
  <system-out>
    <![CDATA[d is running]]>
  </system-out>
  <testcase classname="TestngXMLStdy.HandleMethods" name="c" time="0.002"/>
  <system-out>
    <![CDATA[c is running]]>
  </system-out>
</testsuite> <!-- TestngXMLStdy.HandleMethods -->
