<?xml version="1.0" encoding="UTF-8"?>
<!-- Generated by org.testng.reporters.JUnitReportReporter -->
<testsuite hostname="DESKTOP-85BH29A" failures="0" tests="1" name="TestNgPackage.MyClass" time="0.018" errors="0" timestamp="2022-07-22T22:00:51 IST" skipped="0">
  <testcase classname="TestNgPackage.MyClass" name="myMethod" time="0.018"/>
  <system-out>
    <![CDATA[This is written in report without boolen value
This is written in reporter with boolen value]]>
  </system-out>
</testsuite> <!-- TestNgPackage.MyClass -->
